<?xml version="1.0" encoding="UTF-8"?>
<!-- Generated by org.testng.reporters.JUnitReportReporter -->
<testsuite hostname="MAVBCP2209" failures="0" tests="2" name="my.Practice.VerifyLoginPage1" time="33.417" errors="0" timestamp="2021-09-16T12:11:02 IST" skipped="0">
  <testcase classname="my.Practice.VerifyLoginPage1" name="verifyValidLogin" time="17.251"/>
  <system-out/>
  <testcase classname="my.Practice.VerifyLoginPage1" name="verifyValidLogin1" time="16.166"/>
  <system-out/>
</testsuite> <!-- my.Practice.VerifyLoginPage1 -->
