<?xml version="1.0" encoding="UTF-8"?>
<!-- Generated by org.testng.reporters.JUnitReportReporter -->
<testsuite hostname="MAVBCP2209" failures="0" tests="2" name="com.picnic.SampleSelenium" time="24.598" errors="0" timestamp="2021-09-14T12:36:06 IST" skipped="0">
  <testcase classname="com.picnic.SampleSelenium" name="TestMethod2" time="9.731"/>
  <system-out/>
  <testcase classname="com.picnic.SampleSelenium" name="TestMethod" time="14.867"/>
  <system-out/>
</testsuite> <!-- com.picnic.SampleSelenium -->
