<?xml version="1.0" encoding="UTF-8"?>
<!-- Generated by org.testng.reporters.JUnitReportReporter -->
<testsuite hostname="MAVBCP2209" failures="0" tests="1" name="my.Practice.VerifyLoginPage" time="57.039" errors="0" timestamp="2021-09-15T11:24:42 IST" skipped="0">
  <testcase classname="my.Practice.VerifyLoginPage" name="verifyValidLogin" time="57.039"/>
  <system-out/>
</testsuite> <!-- my.Practice.VerifyLoginPage -->
