<?xml version="1.0" encoding="UTF-8"?>
<!-- Generated by org.testng.reporters.JUnitReportReporter -->
<testsuite hostname="MAVBCP2209" failures="0" tests="2" name="com.picnic.RecorderScript" time="87.809" errors="0" timestamp="2021-09-15T16:53:47 IST" skipped="0">
  <testcase classname="com.picnic.RecorderScript" name="testParameterWithXML" time="60.535"/>
  <system-out/>
  <testcase classname="com.picnic.RecorderScript" name="testParameterWithXML" time="27.274"/>
  <system-out/>
</testsuite> <!-- com.picnic.RecorderScript -->
