<?xml version="1.0" encoding="UTF-8"?>
<!-- Generated by org.testng.reporters.JUnitReportReporter -->
<testsuite hostname="MAVBCP2209" failures="0" tests="2" name="com.picnic.CrossBrowserScript" time="90.520" errors="0" timestamp="2021-09-15T14:36:20 IST" skipped="0">
  <testcase classname="com.picnic.CrossBrowserScript" name="testParameterWithXML" time="52.782"/>
  <system-out/>
  <testcase classname="com.picnic.CrossBrowserScript" name="testParameterWithXML" time="37.738"/>
  <system-out/>
</testsuite> <!-- com.picnic.CrossBrowserScript -->
